SSuivApp/Android/dbg/build/intermediates/manifest_merge_blame_file/debug/manifest-merger-blame-debug-report.txt
1<?xml version="1.0" encoding="utf-8"?>
2<manifest xmlns:android="http://schemas.android.com/apk/res/android"
3    package="com.masociete.tracklet.go"
4    android:installLocation="auto"
5    android:versionCode="30"
6    android:versionName="0.0.7.0" >
7
8    <uses-sdk
8-->Android\dbg\AndroidManifest.xml:2:6787-6855
9        android:minSdkVersion="21"
9-->Android\dbg\AndroidManifest.xml:2:6797-6823
10        android:targetSdkVersion="28" />
10-->Android\dbg\AndroidManifest.xml:2:6824-6853
11
12    <supports-screens
12-->Android\dbg\AndroidManifest.xml:2:6855-7014
13        android:anyDensity="true"
13-->Android\dbg\AndroidManifest.xml:2:6987-7012
14        android:largeScreens="true"
14-->Android\dbg\AndroidManifest.xml:2:6930-6957
15        android:normalScreens="true"
15-->Android\dbg\AndroidManifest.xml:2:6901-6929
16        android:smallScreens="true"
16-->Android\dbg\AndroidManifest.xml:2:6873-6900
17        android:xlargeScreens="true" />
17-->Android\dbg\AndroidManifest.xml:2:6958-6986
18
19    <uses-permission android:name="android.permission.WRITE_EXTERNAL_STORAGE" />
19-->Android\dbg\AndroidManifest.xml:2:7014-7089
19-->Android\dbg\AndroidManifest.xml:2:7031-7087
20    <uses-permission android:name="android.permission.INTERNET" />
20-->Android\dbg\AndroidManifest.xml:2:7089-7150
20-->Android\dbg\AndroidManifest.xml:2:7106-7148
21    <uses-permission android:name="android.permission.VIBRATE" />
21-->Android\dbg\AndroidManifest.xml:2:7150-7210
21-->Android\dbg\AndroidManifest.xml:2:7167-7208
22
23    <application
23-->Android\dbg\AndroidManifest.xml:2:236-6787
24        android:name="fr.pcsoft.wdjava.core.application.WDAndroidApp"
24-->Android\dbg\AndroidManifest.xml:2:249-310
25        android:appComponentFactory="androidx.core.app.CoreComponentFactory"
25-->[androidx.core:core:1.1.0] AndroidManifest.xml:24:18-86
26        android:debuggable="true"
26-->Android\dbg\AndroidManifest.xml:2:484-509
27        android:icon="@drawable/i_c_o_n_e________2"
27-->Android\dbg\AndroidManifest.xml:2:344-387
28        android:label="@string/app_name"
28-->Android\dbg\AndroidManifest.xml:2:311-343
29        android:largeHeap="true"
29-->Android\dbg\AndroidManifest.xml:2:388-412
30        android:resizeableActivity="true"
30-->Android\dbg\AndroidManifest.xml:2:414-447
31        android:usesCleartextTraffic="true" >
31-->Android\dbg\AndroidManifest.xml:2:448-483
32        <activity
32-->Android\dbg\AndroidManifest.xml:2:510-922
33            android:name="com.masociete.tracklet.wdgen.GWDPSSuivApp$WDLanceur"
33-->Android\dbg\AndroidManifest.xml:2:520-564
34            android:configChanges="keyboardHidden|orientation|screenSize|keyboard|smallestScreenSize|screenLayout"
34-->Android\dbg\AndroidManifest.xml:2:667-769
35            android:label="@string/app_name"
35-->Android\dbg\AndroidManifest.xml:2:565-597
36            android:theme="@style/Theme.AppCompat.Light.NoActionBar.Translucent" >
36-->Android\dbg\AndroidManifest.xml:2:598-666
37            <intent-filter>
37-->Android\dbg\AndroidManifest.xml:2:770-911
38                <action android:name="android.intent.action.MAIN" />
38-->Android\dbg\AndroidManifest.xml:2:785-836
38-->Android\dbg\AndroidManifest.xml:2:793-834
39
40                <category android:name="android.intent.category.LAUNCHER" />
40-->Android\dbg\AndroidManifest.xml:2:836-895
40-->Android\dbg\AndroidManifest.xml:2:846-893
41            </intent-filter>
42        </activity>
43        <activity
43-->Android\dbg\AndroidManifest.xml:2:922-1170
44            android:name="com.masociete.tracklet.wdgen.GWDFFEN_login$WDActiviteFenetre"
44-->Android\dbg\AndroidManifest.xml:2:932-985
45            android:configChanges="keyboardHidden|orientation|screenSize|keyboard|smallestScreenSize|screenLayout|uiMode"
45-->Android\dbg\AndroidManifest.xml:2:986-1095
46            android:hardwareAccelerated="false"
46-->Android\dbg\AndroidManifest.xml:2:1133-1168
47            android:theme="@android:style/Theme" />
47-->Android\dbg\AndroidManifest.xml:2:1096-1132
48        <activity
48-->Android\dbg\AndroidManifest.xml:2:1170-1440
49            android:name="com.masociete.tracklet.wdgen.GWDFFEN_Liste_Reclamation_Chauffeur$WDActiviteFenetre"
49-->Android\dbg\AndroidManifest.xml:2:1180-1255
50            android:configChanges="keyboardHidden|orientation|screenSize|keyboard|smallestScreenSize|screenLayout|uiMode"
50-->Android\dbg\AndroidManifest.xml:2:1256-1365
51            android:hardwareAccelerated="false"
51-->Android\dbg\AndroidManifest.xml:2:1403-1438
52            android:theme="@android:style/Theme" />
52-->Android\dbg\AndroidManifest.xml:2:1366-1402
53        <activity
53-->Android\dbg\AndroidManifest.xml:2:1440-1697
54            android:name="com.masociete.tracklet.wdgen.GWDFFEN_Menu_Chauffeur$WDActiviteFenetre"
54-->Android\dbg\AndroidManifest.xml:2:1450-1512
55            android:configChanges="keyboardHidden|orientation|screenSize|keyboard|smallestScreenSize|screenLayout|uiMode"
55-->Android\dbg\AndroidManifest.xml:2:1513-1622
56            android:hardwareAccelerated="false"
56-->Android\dbg\AndroidManifest.xml:2:1660-1695
57            android:theme="@android:style/Theme" />
57-->Android\dbg\AndroidManifest.xml:2:1623-1659
58        <activity
58-->Android\dbg\AndroidManifest.xml:2:1697-1960
59            android:name="com.masociete.tracklet.wdgen.GWDFFEN_Modifier_Reclamation$WDActiviteFenetre"
59-->Android\dbg\AndroidManifest.xml:2:1707-1775
60            android:configChanges="keyboardHidden|orientation|screenSize|keyboard|smallestScreenSize|screenLayout|uiMode"
60-->Android\dbg\AndroidManifest.xml:2:1776-1885
61            android:hardwareAccelerated="false"
61-->Android\dbg\AndroidManifest.xml:2:1923-1958
62            android:theme="@android:style/Theme" />
62-->Android\dbg\AndroidManifest.xml:2:1886-1922
63        <activity
63-->Android\dbg\AndroidManifest.xml:2:1960-2210
64            android:name="com.masociete.tracklet.wdgen.GWDFFEN_Magasin$WDActiviteFenetre"
64-->Android\dbg\AndroidManifest.xml:2:1970-2025
65            android:configChanges="keyboardHidden|orientation|screenSize|keyboard|smallestScreenSize|screenLayout|uiMode"
65-->Android\dbg\AndroidManifest.xml:2:2026-2135
66            android:hardwareAccelerated="false"
66-->Android\dbg\AndroidManifest.xml:2:2173-2208
67            android:theme="@android:style/Theme" />
67-->Android\dbg\AndroidManifest.xml:2:2136-2172
68        <activity
68-->Android\dbg\AndroidManifest.xml:2:2210-2470
69            android:name="com.masociete.tracklet.wdgen.GWDFFEN_Ajout_affectation$WDActiviteFenetre"
69-->Android\dbg\AndroidManifest.xml:2:2220-2285
70            android:configChanges="keyboardHidden|orientation|screenSize|keyboard|smallestScreenSize|screenLayout|uiMode"
70-->Android\dbg\AndroidManifest.xml:2:2286-2395
71            android:hardwareAccelerated="false"
71-->Android\dbg\AndroidManifest.xml:2:2433-2468
72            android:theme="@android:style/Theme" />
72-->Android\dbg\AndroidManifest.xml:2:2396-2432
73        <activity
73-->Android\dbg\AndroidManifest.xml:2:2470-2733
74            android:name="com.masociete.tracklet.wdgen.GWDFFEN_Modifier_Utilisateur$WDActiviteFenetre"
74-->Android\dbg\AndroidManifest.xml:2:2480-2548
75            android:configChanges="keyboardHidden|orientation|screenSize|keyboard|smallestScreenSize|screenLayout|uiMode"
75-->Android\dbg\AndroidManifest.xml:2:2549-2658
76            android:hardwareAccelerated="false"
76-->Android\dbg\AndroidManifest.xml:2:2696-2731
77            android:theme="@android:style/Theme" />
77-->Android\dbg\AndroidManifest.xml:2:2659-2695
78        <activity
78-->Android\dbg\AndroidManifest.xml:2:2733-3001
79            android:name="com.masociete.tracklet.wdgen.GWDFFEN_changment_de_mot_de_passe$WDActiviteFenetre"
79-->Android\dbg\AndroidManifest.xml:2:2743-2816
80            android:configChanges="keyboardHidden|orientation|screenSize|keyboard|smallestScreenSize|screenLayout|uiMode"
80-->Android\dbg\AndroidManifest.xml:2:2817-2926
81            android:hardwareAccelerated="false"
81-->Android\dbg\AndroidManifest.xml:2:2964-2999
82            android:theme="@android:style/Theme" />
82-->Android\dbg\AndroidManifest.xml:2:2927-2963
83        <activity
83-->Android\dbg\AndroidManifest.xml:2:3001-3262
84            android:name="com.masociete.tracklet.wdgen.GWDFFEN_Liste_Utilisateurs$WDActiviteFenetre"
84-->Android\dbg\AndroidManifest.xml:2:3011-3077
85            android:configChanges="keyboardHidden|orientation|screenSize|keyboard|smallestScreenSize|screenLayout|uiMode"
85-->Android\dbg\AndroidManifest.xml:2:3078-3187
86            android:hardwareAccelerated="false"
86-->Android\dbg\AndroidManifest.xml:2:3225-3260
87            android:theme="@android:style/Theme" />
87-->Android\dbg\AndroidManifest.xml:2:3188-3224
88        <activity
88-->Android\dbg\AndroidManifest.xml:2:3262-3518
89            android:name="com.masociete.tracklet.wdgen.GWDFFEN_Liste_Magasin$WDActiviteFenetre"
89-->Android\dbg\AndroidManifest.xml:2:3272-3333
90            android:configChanges="keyboardHidden|orientation|screenSize|keyboard|smallestScreenSize|screenLayout|uiMode"
90-->Android\dbg\AndroidManifest.xml:2:3334-3443
91            android:hardwareAccelerated="false"
91-->Android\dbg\AndroidManifest.xml:2:3481-3516
92            android:theme="@android:style/Theme" />
92-->Android\dbg\AndroidManifest.xml:2:3444-3480
93        <activity
93-->Android\dbg\AndroidManifest.xml:2:3518-3778
94            android:name="com.masociete.tracklet.wdgen.GWDFFEN_Ajout_Reclamation$WDActiviteFenetre"
94-->Android\dbg\AndroidManifest.xml:2:3528-3593
95            android:configChanges="keyboardHidden|orientation|screenSize|keyboard|smallestScreenSize|screenLayout|uiMode"
95-->Android\dbg\AndroidManifest.xml:2:3594-3703
96            android:hardwareAccelerated="false"
96-->Android\dbg\AndroidManifest.xml:2:3741-3776
97            android:theme="@android:style/Theme" />
97-->Android\dbg\AndroidManifest.xml:2:3704-3740
98        <activity
98-->Android\dbg\AndroidManifest.xml:2:3778-4038
99            android:name="com.masociete.tracklet.wdgen.GWDFFEN_Ajout_utilisateur$WDActiviteFenetre"
99-->Android\dbg\AndroidManifest.xml:2:3788-3853
100            android:configChanges="keyboardHidden|orientation|screenSize|keyboard|smallestScreenSize|screenLayout|uiMode"
100-->Android\dbg\AndroidManifest.xml:2:3854-3963
101            android:hardwareAccelerated="false"
101-->Android\dbg\AndroidManifest.xml:2:4001-4036
102            android:theme="@android:style/Theme" />
102-->Android\dbg\AndroidManifest.xml:2:3964-4000
103        <activity
103-->Android\dbg\AndroidManifest.xml:2:4038-4300
104            android:name="com.masociete.tracklet.wdgen.GWDFFEN_Menu_Administrateur$WDActiviteFenetre"
104-->Android\dbg\AndroidManifest.xml:2:4048-4115
105            android:configChanges="keyboardHidden|orientation|screenSize|keyboard|smallestScreenSize|screenLayout|uiMode"
105-->Android\dbg\AndroidManifest.xml:2:4116-4225
106            android:hardwareAccelerated="false"
106-->Android\dbg\AndroidManifest.xml:2:4263-4298
107            android:theme="@android:style/Theme" />
107-->Android\dbg\AndroidManifest.xml:2:4226-4262
108        <activity
108-->Android\dbg\AndroidManifest.xml:2:4300-4571
109            android:name="com.masociete.tracklet.wdgen.GWDFFEN_Liste_Reclamation_Commercial$WDActiviteFenetre"
109-->Android\dbg\AndroidManifest.xml:2:4310-4386
110            android:configChanges="keyboardHidden|orientation|screenSize|keyboard|smallestScreenSize|screenLayout|uiMode"
110-->Android\dbg\AndroidManifest.xml:2:4387-4496
111            android:hardwareAccelerated="false"
111-->Android\dbg\AndroidManifest.xml:2:4534-4569
112            android:theme="@android:style/Theme" />
112-->Android\dbg\AndroidManifest.xml:2:4497-4533
113        <activity
113-->Android\dbg\AndroidManifest.xml:2:4571-4829
114            android:name="com.masociete.tracklet.wdgen.GWDFFEN_Menu_Commercial$WDActiviteFenetre"
114-->Android\dbg\AndroidManifest.xml:2:4581-4644
115            android:configChanges="keyboardHidden|orientation|screenSize|keyboard|smallestScreenSize|screenLayout|uiMode"
115-->Android\dbg\AndroidManifest.xml:2:4645-4754
116            android:hardwareAccelerated="false"
116-->Android\dbg\AndroidManifest.xml:2:4792-4827
117            android:theme="@android:style/Theme" />
117-->Android\dbg\AndroidManifest.xml:2:4755-4791
118        <activity
118-->Android\dbg\AndroidManifest.xml:2:4829-5097
119            android:name="com.masociete.tracklet.wdgen.GWDFFEN_A_propos_de_l_application$WDActiviteFenetre"
119-->Android\dbg\AndroidManifest.xml:2:4839-4912
120            android:configChanges="keyboardHidden|orientation|screenSize|keyboard|smallestScreenSize|screenLayout|uiMode"
120-->Android\dbg\AndroidManifest.xml:2:4913-5022
121            android:hardwareAccelerated="false"
121-->Android\dbg\AndroidManifest.xml:2:5060-5095
122            android:theme="@android:style/Theme" />
122-->Android\dbg\AndroidManifest.xml:2:5023-5059
123        <activity
123-->Android\dbg\AndroidManifest.xml:2:5097-5363
124            android:name="com.masociete.tracklet.wdgen.GWDFFEN_Liste_Reclamation_Admin$WDActiviteFenetre"
124-->Android\dbg\AndroidManifest.xml:2:5107-5178
125            android:configChanges="keyboardHidden|orientation|screenSize|keyboard|smallestScreenSize|screenLayout|uiMode"
125-->Android\dbg\AndroidManifest.xml:2:5179-5288
126            android:hardwareAccelerated="false"
126-->Android\dbg\AndroidManifest.xml:2:5326-5361
127            android:theme="@android:style/Theme" />
127-->Android\dbg\AndroidManifest.xml:2:5289-5325
128
129        <uses-library
129-->Android\dbg\AndroidManifest.xml:2:5363-5441
130            android:name="org.apache.http.legacy"
130-->Android\dbg\AndroidManifest.xml:2:5377-5414
131            android:required="false" />
131-->Android\dbg\AndroidManifest.xml:2:5415-5439
132
133        <activity
133-->Android\dbg\AndroidManifest.xml:2:5441-5650
134            xmlns:android="http://schemas.android.com/apk/res/android"
134-->Android\dbg\AndroidManifest.xml:2:5451-5509
135            android:name="fr.pcsoft.wdjava.ui.activite.WDActivite$BlankActivity"
135-->Android\dbg\AndroidManifest.xml:2:5510-5578
136            android:theme="@android:style/Theme.Translucent" />
136-->Android\dbg\AndroidManifest.xml:2:5579-5627
137        <activity
137-->Android\dbg\AndroidManifest.xml:2:5650-5871
138            xmlns:android="http://schemas.android.com/apk/res/android"
138-->Android\dbg\AndroidManifest.xml:2:5660-5718
139            android:name="fr.pcsoft.wdjava.core.erreur.report.WDErrorReportActivity"
139-->Android\dbg\AndroidManifest.xml:2:5719-5791
140            android:theme="@android:style/Theme.DeviceDefault.Light" />
140-->Android\dbg\AndroidManifest.xml:2:5792-5848
141        <activity
141-->Android\dbg\AndroidManifest.xml:2:5871-6236
142            xmlns:android="http://schemas.android.com/apk/res/android"
142-->Android\dbg\AndroidManifest.xml:2:5881-5939
143            android:name="fr.pcsoft.wdjava.ui.searchbar.WDSearchActivity"
143-->Android\dbg\AndroidManifest.xml:2:5940-6001
144            android:label="@string/app_name" >
144-->Android\dbg\AndroidManifest.xml:2:6002-6034
145            <intent-filter>
145-->Android\dbg\AndroidManifest.xml:2:6056-6140
146                <action android:name="android.intent.action.SEARCH" />
146-->Android\dbg\AndroidManifest.xml:2:6071-6124
146-->Android\dbg\AndroidManifest.xml:2:6079-6122
147            </intent-filter>
148
149            <meta-data
149-->Android\dbg\AndroidManifest.xml:2:6140-6225
150                android:name="android.app.searchable"
150-->Android\dbg\AndroidManifest.xml:2:6151-6188
151                android:resource="@xml/searchable" />
151-->Android\dbg\AndroidManifest.xml:2:6189-6223
152        </activity>
153
154        <provider
154-->Android\dbg\AndroidManifest.xml:2:6236-6461
155            xmlns:android="http://schemas.android.com/apk/res/android"
155-->Android\dbg\AndroidManifest.xml:2:6246-6304
156            android:name="fr.pcsoft.wdjava.ui.searchbar.WDSearchHistory"
156-->Android\dbg\AndroidManifest.xml:2:6305-6365
157            android:authorities="com.masociete.tracklet.go"
157-->Android\dbg\AndroidManifest.xml:2:6391-6438
158            android:exported="false" />
158-->Android\dbg\AndroidManifest.xml:2:6366-6390
159
160        <service android:name="fr.pcsoft.wdjava.core.service.WDServiceLocal" />
160-->Android\dbg\AndroidManifest.xml:2:6461-6531
160-->Android\dbg\AndroidManifest.xml:2:6470-6529
161
162        <meta-data
162-->Android\dbg\AndroidManifest.xml:2:6531-6612
163            android:name="fr.pcsoft.first_window_name"
163-->Android\dbg\AndroidManifest.xml:2:6542-6584
164            android:value="FEN_login" />
164-->Android\dbg\AndroidManifest.xml:2:6585-6610
165        <meta-data
165-->Android\dbg\AndroidManifest.xml:2:6612-6692
166            android:name="fr.pcsoft.splash_orientation_phone"
166-->Android\dbg\AndroidManifest.xml:2:6623-6672
167            android:value="4" />
167-->Android\dbg\AndroidManifest.xml:2:6673-6690
168        <meta-data
168-->Android\dbg\AndroidManifest.xml:2:6692-6773
169            android:name="fr.pcsoft.splash_orientation_tablet"
169-->Android\dbg\AndroidManifest.xml:2:6703-6753
170            android:value="4" />
170-->Android\dbg\AndroidManifest.xml:2:6754-6771
171    </application>
172
173</manifest>